<?xml version="1.0" encoding="UTF-8"?>
<testng-results ignored="0" total="1" passed="0" failed="1" skipped="0">
  <reporter-output>
  </reporter-output>
  <suite started-at="2023-05-05T17:48:22 IST" name="Claimcreation" finished-at="2023-05-05T17:49:10 IST" duration-ms="47323">
    <groups>
    </groups>
    <test started-at="2023-05-05T17:48:22 IST" name="Sample1" finished-at="2023-05-05T17:49:10 IST" duration-ms="47323">
      <class name="TC.Claim_Testcase">
        <test-method is-config="true" signature="Setup1()[pri:0, instance:TC.Claim_Testcase@2462cb01]" started-at="2023-05-05T17:48:22 IST" name="Setup1" finished-at="2023-05-05T17:48:24 IST" duration-ms="2125" status="PASS">
          <reporter-output>
          </reporter-output>
        </test-method> <!-- Setup1 -->
        <test-method signature="CreateaclaimwithUser1()[pri:1, instance:TC.Claim_Testcase@2462cb01]" started-at="2023-05-05T17:48:24 IST" name="CreateaclaimwithUser1" finished-at="2023-05-05T17:49:09 IST" duration-ms="44770" status="FAIL">
          <exception class="org.openqa.selenium.ElementClickInterceptedException">
            <message>
              <![CDATA[element click intercepted: Element <input value=" Login " class="btn" name="login" title="Login" type="button" onclick="navigateToUrl('/servlet/servlet.su?oid=00DDH00000055co&amp;suorgadminid=005DH0000062yIs&amp;retURL=%2F005DH0000062yIs%3Fnoredirect%3D1%26isUserEntityOverride%3D1&amp;targetURL=%2Fhome%2Fhome.jsp',null,'login');"> is not clickable at point (763, 276). Other element would receive the click: <iframe frameborder="0" id="RLPanelFrame" name="RLPanelFrame" src="/emptyHtmlDoc.html" title="Hidden Frame - Ignore" style="height: 69px;"></iframe>
  (Session info: chrome=113.0.5672.63)
Build info: version: '4.6.0', revision: '79f1c02ae20'
System info: os.name: 'Windows 10', os.arch: 'amd64', os.version: '10.0', java.version: '16.0.2'
Driver info: org.openqa.selenium.chrome.ChromeDriver
Command: [57ed508fb734ea24bf6259b4944661ff, clickElement {id=9201B2EEEC37CF3527DE7F898EEE1914_element_160}]
Capabilities {acceptInsecureCerts: false, browserName: chrome, browserVersion: 113.0.5672.63, chrome: {chromedriverVersion: 113.0.5672.63 (0e1a4471d5ae..., userDataDir: C:\Users\MANOJ~1.MOH\AppDat...}, goog:chromeOptions: {debuggerAddress: localhost:52224}, networkConnectionEnabled: false, pageLoadStrategy: normal, platformName: WINDOWS, proxy: Proxy(), se:cdp: ws://localhost:52224/devtoo..., se:cdpVersion: 113.0.5672.63, setWindowRect: true, strictFileInteractability: false, timeouts: {implicit: 0, pageLoad: 300000, script: 30000}, unhandledPromptBehavior: dismiss and notify, webauthn:extension:credBlob: true, webauthn:extension:largeBlob: true, webauthn:extension:minPinLength: true, webauthn:extension:prf: true, webauthn:virtualAuthenticators: true}
Element: [[ChromeDriver: chrome on WINDOWS (57ed508fb734ea24bf6259b4944661ff)] -> xpath: (//input[@name='login'])[1]]
Session ID: 57ed508fb734ea24bf6259b4944661ff]]>
            </message>
            <full-stacktrace>
              <![CDATA[org.openqa.selenium.ElementClickInterceptedException: element click intercepted: Element <input value=" Login " class="btn" name="login" title="Login" type="button" onclick="navigateToUrl('/servlet/servlet.su?oid=00DDH00000055co&amp;suorgadminid=005DH0000062yIs&amp;retURL=%2F005DH0000062yIs%3Fnoredirect%3D1%26isUserEntityOverride%3D1&amp;targetURL=%2Fhome%2Fhome.jsp',null,'login');"> is not clickable at point (763, 276). Other element would receive the click: <iframe frameborder="0" id="RLPanelFrame" name="RLPanelFrame" src="/emptyHtmlDoc.html" title="Hidden Frame - Ignore" style="height: 69px;"></iframe>
  (Session info: chrome=113.0.5672.63)
Build info: version: '4.6.0', revision: '79f1c02ae20'
System info: os.name: 'Windows 10', os.arch: 'amd64', os.version: '10.0', java.version: '16.0.2'
Driver info: org.openqa.selenium.chrome.ChromeDriver
Command: [57ed508fb734ea24bf6259b4944661ff, clickElement {id=9201B2EEEC37CF3527DE7F898EEE1914_element_160}]
Capabilities {acceptInsecureCerts: false, browserName: chrome, browserVersion: 113.0.5672.63, chrome: {chromedriverVersion: 113.0.5672.63 (0e1a4471d5ae..., userDataDir: C:\Users\MANOJ~1.MOH\AppDat...}, goog:chromeOptions: {debuggerAddress: localhost:52224}, networkConnectionEnabled: false, pageLoadStrategy: normal, platformName: WINDOWS, proxy: Proxy(), se:cdp: ws://localhost:52224/devtoo..., se:cdpVersion: 113.0.5672.63, setWindowRect: true, strictFileInteractability: false, timeouts: {implicit: 0, pageLoad: 300000, script: 30000}, unhandledPromptBehavior: dismiss and notify, webauthn:extension:credBlob: true, webauthn:extension:largeBlob: true, webauthn:extension:minPinLength: true, webauthn:extension:prf: true, webauthn:virtualAuthenticators: true}
Element: [[ChromeDriver: chrome on WINDOWS (57ed508fb734ea24bf6259b4944661ff)] -> xpath: (//input[@name='login'])[1]]
Session ID: 57ed508fb734ea24bf6259b4944661ff
at java.base/jdk.internal.reflect.NativeConstructorAccessorImpl.newInstance0(Native Method)
at java.base/jdk.internal.reflect.NativeConstructorAccessorImpl.newInstance(NativeConstructorAccessorImpl.java:78)
at java.base/jdk.internal.reflect.DelegatingConstructorAccessorImpl.newInstance(DelegatingConstructorAccessorImpl.java:45)
at java.base/java.lang.reflect.Constructor.newInstanceWithCaller(Constructor.java:499)
at java.base/java.lang.reflect.Constructor.newInstance(Constructor.java:480)
at org.openqa.selenium.remote.codec.w3c.W3CHttpResponseCodec.createException(W3CHttpResponseCodec.java:200)
at org.openqa.selenium.remote.codec.w3c.W3CHttpResponseCodec.decode(W3CHttpResponseCodec.java:133)
at org.openqa.selenium.remote.codec.w3c.W3CHttpResponseCodec.decode(W3CHttpResponseCodec.java:53)
at org.openqa.selenium.remote.HttpCommandExecutor.execute(HttpCommandExecutor.java:184)
at org.openqa.selenium.remote.service.DriverCommandExecutor.invokeExecute(DriverCommandExecutor.java:167)
at org.openqa.selenium.remote.service.DriverCommandExecutor.execute(DriverCommandExecutor.java:142)
at org.openqa.selenium.remote.RemoteWebDriver.execute(RemoteWebDriver.java:541)
at org.openqa.selenium.remote.RemoteWebElement.execute(RemoteWebElement.java:257)
at org.openqa.selenium.remote.RemoteWebElement.click(RemoteWebElement.java:78)
at PO.CaseAdjusterLogin.caseadjusterlogin(CaseAdjusterLogin.java:32)
at TC.Claim_Testcase.CreateaclaimwithUser1(Claim_Testcase.java:46)
at java.base/jdk.internal.reflect.NativeMethodAccessorImpl.invoke0(Native Method)
at java.base/jdk.internal.reflect.NativeMethodAccessorImpl.invoke(NativeMethodAccessorImpl.java:78)
at java.base/jdk.internal.reflect.DelegatingMethodAccessorImpl.invoke(DelegatingMethodAccessorImpl.java:43)
at java.base/java.lang.reflect.Method.invoke(Method.java:567)
at org.testng.internal.MethodInvocationHelper.invokeMethod(MethodInvocationHelper.java:133)
at org.testng.internal.TestInvoker.invokeMethod(TestInvoker.java:598)
at org.testng.internal.TestInvoker.invokeTestMethod(TestInvoker.java:173)
at org.testng.internal.MethodRunner.runInSequence(MethodRunner.java:46)
at org.testng.internal.TestInvoker$MethodInvocationAgent.invoke(TestInvoker.java:824)
at org.testng.internal.TestInvoker.invokeTestMethods(TestInvoker.java:146)
at org.testng.internal.TestMethodWorker.invokeTestMethods(TestMethodWorker.java:146)
at org.testng.internal.TestMethodWorker.run(TestMethodWorker.java:128)
at java.base/java.util.ArrayList.forEach(ArrayList.java:1511)
at org.testng.TestRunner.privateRun(TestRunner.java:794)
at org.testng.TestRunner.run(TestRunner.java:596)
at org.testng.SuiteRunner.runTest(SuiteRunner.java:377)
at org.testng.SuiteRunner.runSequentially(SuiteRunner.java:371)
at org.testng.SuiteRunner.privateRun(SuiteRunner.java:332)
at org.testng.SuiteRunner.run(SuiteRunner.java:276)
at org.testng.SuiteRunnerWorker.runSuite(SuiteRunnerWorker.java:53)
at org.testng.SuiteRunnerWorker.run(SuiteRunnerWorker.java:96)
at org.testng.TestNG.runSuitesSequentially(TestNG.java:1212)
at org.testng.TestNG.runSuitesLocally(TestNG.java:1134)
at org.testng.TestNG.runSuites(TestNG.java:1063)
at org.testng.TestNG.run(TestNG.java:1031)
at org.testng.remote.AbstractRemoteTestNG.run(AbstractRemoteTestNG.java:115)
at org.testng.remote.RemoteTestNG.initAndRun(RemoteTestNG.java:251)
at org.testng.remote.RemoteTestNG.main(RemoteTestNG.java:77)
]]>
            </full-stacktrace>
          </exception> <!-- org.openqa.selenium.ElementClickInterceptedException -->
          <reporter-output>
          </reporter-output>
        </test-method> <!-- CreateaclaimwithUser1 -->
        <test-method is-config="true" signature="close()[pri:0, instance:TC.Claim_Testcase@2462cb01]" started-at="2023-05-05T17:49:09 IST" name="close" finished-at="2023-05-05T17:49:10 IST" duration-ms="138" status="PASS">
          <reporter-output>
          </reporter-output>
        </test-method> <!-- close -->
      </class> <!-- TC.Claim_Testcase -->
    </test> <!-- Sample1 -->
  </suite> <!-- Claimcreation -->
</testng-results>
