<?xml version="1.0" encoding="UTF-8"?>
<!-- Generated by org.testng.reporters.JUnitXMLReporter -->
<testsuite ignored="0" hostname="Asplap3121" failures="1" tests="1" name="Sample1" time="47.323" errors="0" timestamp="2023-05-05T17:49:10 IST">
  <testcase classname="TC.Claim_Testcase" name="CreateaclaimwithUser1" time="44.77">
    <failure type="org.openqa.selenium.ElementClickInterceptedException" message="element click intercepted: Element &amp;lt;input value=&amp;quot; Login &amp;quot; class=&amp;quot;btn&amp;quot; name=&amp;quot;login&amp;quot; title=&amp;quot;Login&amp;quot; type=&amp;quot;button&amp;quot; onclick=&amp;quot;navigateToUrl(&amp;apos;/servlet/servlet.su?oid=00DDH00000055co&amp;amp;amp;suorgadminid=005DH0000062yIs&amp;amp;amp;retURL=%2F005DH0000062yIs%3Fnoredirect%3D1%26isUserEntityOverride%3D1&amp;amp;amp;targetURL=%2Fhome%2Fhome.jsp&amp;apos;,null,&amp;apos;login&amp;apos;);&amp;quot;&amp;gt; is not clickable at point (763, 276). Other element would receive the click: &amp;lt;iframe frameborder=&amp;quot;0&amp;quot; id=&amp;quot;RLPanelFrame&amp;quot; name=&amp;quot;RLPanelFrame&amp;quot; src=&amp;quot;/emptyHtmlDoc.html&amp;quot; title=&amp;quot;Hidden Frame - Ignore&amp;quot; style=&amp;quot;height: 69px;&amp;quot;&amp;gt;&amp;lt;/iframe&amp;gt;
  (Session info: chrome=113.0.5672.63)
Build info: version: &amp;apos;4.6.0&amp;apos;, revision: &amp;apos;79f1c02ae20&amp;apos;
System info: os.name: &amp;apos;Windows 10&amp;apos;, os.arch: &amp;apos;amd64&amp;apos;, os.version: &amp;apos;10.0&amp;apos;, java.version: &amp;apos;16.0.2&amp;apos;
Driver info: org.openqa.selenium.chrome.ChromeDriver
Command: [57ed508fb734ea24bf6259b4944661ff, clickElement {id=9201B2EEEC37CF3527DE7F898EEE1914_element_160}]
Capabilities {acceptInsecureCerts: false, browserName: chrome, browserVersion: 113.0.5672.63, chrome: {chromedriverVersion: 113.0.5672.63 (0e1a4471d5ae..., userDataDir: C:\Users\MANOJ~1.MOH\AppDat...}, goog:chromeOptions: {debuggerAddress: localhost:52224}, networkConnectionEnabled: false, pageLoadStrategy: normal, platformName: WINDOWS, proxy: Proxy(), se:cdp: ws://localhost:52224/devtoo..., se:cdpVersion: 113.0.5672.63, setWindowRect: true, strictFileInteractability: false, timeouts: {implicit: 0, pageLoad: 300000, script: 30000}, unhandledPromptBehavior: dismiss and notify, webauthn:extension:credBlob: true, webauthn:extension:largeBlob: true, webauthn:extension:minPinLength: true, webauthn:extension:prf: true, webauthn:virtualAuthenticators: true}
Element: [[ChromeDriver: chrome on WINDOWS (57ed508fb734ea24bf6259b4944661ff)] -&amp;gt; xpath: (//input[@name=&amp;apos;login&amp;apos;])[1]]
Session ID: 57ed508fb734ea24bf6259b4944661ff">
      <![CDATA[org.openqa.selenium.ElementClickInterceptedException: element click intercepted: Element <input value=" Login " class="btn" name="login" title="Login" type="button" onclick="navigateToUrl('/servlet/servlet.su?oid=00DDH00000055co&amp;suorgadminid=005DH0000062yIs&amp;retURL=%2F005DH0000062yIs%3Fnoredirect%3D1%26isUserEntityOverride%3D1&amp;targetURL=%2Fhome%2Fhome.jsp',null,'login');"> is not clickable at point (763, 276). Other element would receive the click: <iframe frameborder="0" id="RLPanelFrame" name="RLPanelFrame" src="/emptyHtmlDoc.html" title="Hidden Frame - Ignore" style="height: 69px;"></iframe>
  (Session info: chrome=113.0.5672.63)
Build info: version: '4.6.0', revision: '79f1c02ae20'
System info: os.name: 'Windows 10', os.arch: 'amd64', os.version: '10.0', java.version: '16.0.2'
Driver info: org.openqa.selenium.chrome.ChromeDriver
Command: [57ed508fb734ea24bf6259b4944661ff, clickElement {id=9201B2EEEC37CF3527DE7F898EEE1914_element_160}]
Capabilities {acceptInsecureCerts: false, browserName: chrome, browserVersion: 113.0.5672.63, chrome: {chromedriverVersion: 113.0.5672.63 (0e1a4471d5ae..., userDataDir: C:\Users\MANOJ~1.MOH\AppDat...}, goog:chromeOptions: {debuggerAddress: localhost:52224}, networkConnectionEnabled: false, pageLoadStrategy: normal, platformName: WINDOWS, proxy: Proxy(), se:cdp: ws://localhost:52224/devtoo..., se:cdpVersion: 113.0.5672.63, setWindowRect: true, strictFileInteractability: false, timeouts: {implicit: 0, pageLoad: 300000, script: 30000}, unhandledPromptBehavior: dismiss and notify, webauthn:extension:credBlob: true, webauthn:extension:largeBlob: true, webauthn:extension:minPinLength: true, webauthn:extension:prf: true, webauthn:virtualAuthenticators: true}
Element: [[ChromeDriver: chrome on WINDOWS (57ed508fb734ea24bf6259b4944661ff)] -> xpath: (//input[@name='login'])[1]]
Session ID: 57ed508fb734ea24bf6259b4944661ff
at org.openqa.selenium.remote.codec.w3c.W3CHttpResponseCodec.createException(W3CHttpResponseCodec.java:200)
at org.openqa.selenium.remote.codec.w3c.W3CHttpResponseCodec.decode(W3CHttpResponseCodec.java:133)
at org.openqa.selenium.remote.codec.w3c.W3CHttpResponseCodec.decode(W3CHttpResponseCodec.java:53)
at org.openqa.selenium.remote.HttpCommandExecutor.execute(HttpCommandExecutor.java:184)
at org.openqa.selenium.remote.service.DriverCommandExecutor.invokeExecute(DriverCommandExecutor.java:167)
at org.openqa.selenium.remote.service.DriverCommandExecutor.execute(DriverCommandExecutor.java:142)
at org.openqa.selenium.remote.RemoteWebDriver.execute(RemoteWebDriver.java:541)
at org.openqa.selenium.remote.RemoteWebElement.execute(RemoteWebElement.java:257)
at org.openqa.selenium.remote.RemoteWebElement.click(RemoteWebElement.java:78)
at PO.CaseAdjusterLogin.caseadjusterlogin(CaseAdjusterLogin.java:32)
at TC.Claim_Testcase.CreateaclaimwithUser1(Claim_Testcase.java:46)
at java.base/java.util.ArrayList.forEach(ArrayList.java:1511)
... Removed 32 stack frames]]>
    </failure>
  </testcase> <!-- CreateaclaimwithUser1 -->
</testsuite> <!-- Sample1 -->
